CRITICAL - 2022-03-17 17:11:52 --> Invalid file: includes/admin/menus/head.php
#0 C:\xampp-74\htdocs\nasa\system\View\View.php(198): CodeIgniter\Exceptions\FrameworkException::forInvalidFile('includes/admin/...')
#1 C:\xampp-74\htdocs\nasa\system\Common.php(1089): CodeIgniter\View\View->render('includes/admin/...', Array, true)
#2 C:\xampp-74\htdocs\nasa\app\Controllers\Admin.php(9): view('includes/admin/...')
#3 C:\xampp-74\htdocs\nasa\system\CodeIgniter.php(832): App\Controllers\Admin->index()
#4 C:\xampp-74\htdocs\nasa\system\CodeIgniter.php(419): CodeIgniter\CodeIgniter->runController(Object(App\Controllers\Admin))
#5 C:\xampp-74\htdocs\nasa\system\CodeIgniter.php(326): CodeIgniter\CodeIgniter->handleRequest(NULL, Object(Config\Cache), false)
#6 C:\xampp-74\htdocs\nasa\index.php(75): CodeIgniter\CodeIgniter->run()
#7 {main}
ERROR - 2022-03-17 22:21:32 --> Error connecting to the database: Access denied for user ''@'localhost' (using password: NO)
CRITICAL - 2022-03-17 22:21:32 --> Unable to connect to the database.
Main connection [MySQLi]: Access denied for user ''@'localhost' (using password: NO)
#0 C:\xampp-74\htdocs\nasa\system\Database\BaseConnection.php(577): CodeIgniter\Database\BaseConnection->initialize()
#1 C:\xampp-74\htdocs\nasa\system\Database\BaseBuilder.php(1455): CodeIgniter\Database\BaseConnection->query('SELECT `u`.`usu...', Array, false)
#2 C:\xampp-74\htdocs\nasa\app\Models\Usuarios_model.php(39): CodeIgniter\Database\BaseBuilder->get()
#3 C:\xampp-74\htdocs\nasa\app\Controllers\Login.php(36): App\Models\Usuarios_model->getUsuario(Array)
#4 C:\xampp-74\htdocs\nasa\system\CodeIgniter.php(832): App\Controllers\Login->InicioSesion()
#5 C:\xampp-74\htdocs\nasa\system\CodeIgniter.php(419): CodeIgniter\CodeIgniter->runController(Object(App\Controllers\Login))
#6 C:\xampp-74\htdocs\nasa\system\CodeIgniter.php(326): CodeIgniter\CodeIgniter->handleRequest(NULL, Object(Config\Cache), false)
#7 C:\xampp-74\htdocs\nasa\index.php(75): CodeIgniter\CodeIgniter->run()
#8 {main}
CRITICAL - 2022-03-17 22:22:52 --> Undefined offset: 0
#0 C:\xampp-74\htdocs\nasa\app\Controllers\Login.php(49): CodeIgniter\Debug\Exceptions->errorHandler(8, 'Undefined offse...', 'C:\\xampp-74\\htd...', 49, Array)
#1 C:\xampp-74\htdocs\nasa\system\CodeIgniter.php(832): App\Controllers\Login->InicioSesion()
#2 C:\xampp-74\htdocs\nasa\system\CodeIgniter.php(419): CodeIgniter\CodeIgniter->runController(Object(App\Controllers\Login))
#3 C:\xampp-74\htdocs\nasa\system\CodeIgniter.php(326): CodeIgniter\CodeIgniter->handleRequest(NULL, Object(Config\Cache), false)
#4 C:\xampp-74\htdocs\nasa\index.php(75): CodeIgniter\CodeIgniter->run()
#5 {main}
CRITICAL - 2022-03-17 22:23:14 --> Undefined offset: 0
#0 C:\xampp-74\htdocs\nasa\app\Controllers\Login.php(49): CodeIgniter\Debug\Exceptions->errorHandler(8, 'Undefined offse...', 'C:\\xampp-74\\htd...', 49, Array)
#1 C:\xampp-74\htdocs\nasa\system\CodeIgniter.php(832): App\Controllers\Login->InicioSesion()
#2 C:\xampp-74\htdocs\nasa\system\CodeIgniter.php(419): CodeIgniter\CodeIgniter->runController(Object(App\Controllers\Login))
#3 C:\xampp-74\htdocs\nasa\system\CodeIgniter.php(326): CodeIgniter\CodeIgniter->handleRequest(NULL, Object(Config\Cache), false)
#4 C:\xampp-74\htdocs\nasa\index.php(75): CodeIgniter\CodeIgniter->run()
#5 {main}
CRITICAL - 2022-03-17 22:40:02 --> Undefined property: App\Controllers\Login::$input
#0 C:\xampp-74\htdocs\nasa\app\Controllers\Login.php(32): CodeIgniter\Debug\Exceptions->errorHandler(8, 'Undefined prope...', 'C:\\xampp-74\\htd...', 32, Array)
#1 C:\xampp-74\htdocs\nasa\system\CodeIgniter.php(832): App\Controllers\Login->InicioSesion()
#2 C:\xampp-74\htdocs\nasa\system\CodeIgniter.php(419): CodeIgniter\CodeIgniter->runController(Object(App\Controllers\Login))
#3 C:\xampp-74\htdocs\nasa\system\CodeIgniter.php(326): CodeIgniter\CodeIgniter->handleRequest(NULL, Object(Config\Cache), false)
#4 C:\xampp-74\htdocs\nasa\index.php(75): CodeIgniter\CodeIgniter->run()
#5 {main}
